#
# There is insufficient memory for the Java Runtime Environment to continue.
# Native memory allocation (malloc) failed to allocate 1751536 bytes for Chunk::new
# Possible reasons:
#   The system is out of physical RAM or swap space
#   The process is running with CompressedOops enabled, and the Java Heap may be blocking the growth of the native heap
# Possible solutions:
#   Reduce memory load on the system
#   Increase physical memory or swap space
#   Check if swap backing store is full
#   Decrease Java heap size (-Xmx/-Xms)
#   Decrease number of Java threads
#   Decrease Java thread stack sizes (-Xss)
#   Set larger code cache with -XX:ReservedCodeCacheSize=
#   JVM is running with Unscaled Compressed Oops mode in which the Java heap is
#     placed in the first 4GB address space. The Java Heap base address is the
#     maximum limit for the native heap growth. Please use -XX:HeapBaseMinAddress
#     to set the Java Heap base and to place the Java Heap above 4GB virtual address.
# This output file may be truncated or incomplete.
#
#  Out of Memory Error (allocation.cpp:389), pid=6960, tid=0x00000000000032bc
#
# JRE version: OpenJDK Runtime Environment (8.0_242-b01) (build 1.8.0_242-release-1644-b01)
# Java VM: OpenJDK 64-Bit Server VM (25.242-b01 mixed mode windows-amd64 compressed oops)
# Failed to write core dump. Minidumps are not enabled by default on client versions of Windows
#

---------------  T H R E A D  ---------------

Current thread (0x0000000016eed000):  JavaThread "C2 CompilerThread1" daemon [_thread_in_native, id=12988, stack(0x0000000018640000,0x0000000018740000)]

Stack: [0x0000000018640000,0x0000000018740000]
[error occurred during error reporting (printing stack bounds), id 0xc0000005]

Native frames: (J=compiled Java code, j=interpreted, Vv=VM code, C=native code)


Current CompileTask:
C2:5585232 23924 %     4       com.android.tools.r8.ir.regalloc.a::a @ 2115 (3993 bytes)


---------------  P R O C E S S  ---------------

Java Threads: ( => current thread )
  0x0000000019393800 JavaThread "WorkerExecutor Queue Thread 5" [_thread_blocked, id=11504, stack(0x0000000031280000,0x0000000031380000)]
  0x0000000019399000 JavaThread "WorkerExecutor Queue Thread 4" [_thread_blocked, id=2520, stack(0x0000000031180000,0x0000000031280000)]
  0x0000000019397800 JavaThread "Cache worker for Java compile cache (C:\Users\alexa\OneDrive\Documentos\DH\UdemyAulas\JamiltonProf\TestandoLoginGoogle\.gradle\6.1.1\javaCompile)" [_thread_blocked, id=8212, stack(0x0000000031080000,0x0000000031180000)]
  0x000000001d085000 JavaThread "Cache worker for Java compile cache (C:\Users\alexa\.gradle\caches\6.1.1\javaCompile)" [_thread_blocked, id=8176, stack(0x0000000030f80000,0x0000000031080000)]
  0x000000001d081800 JavaThread "RMI TCP Connection(idle)" daemon [_thread_blocked, id=12616, stack(0x0000000030e80000,0x0000000030f80000)]
  0x000000001d082000 JavaThread "RMI Reaper" [_thread_blocked, id=228, stack(0x0000000030d80000,0x0000000030e80000)]
  0x000000001d086000 JavaThread "RMI TCP Accept-0" daemon [_thread_in_native, id=8904, stack(0x0000000030c80000,0x0000000030d80000)]
  0x000000001d084800 JavaThread "GC Daemon" daemon [_thread_blocked, id=2508, stack(0x0000000030b80000,0x0000000030c80000)]
  0x000000001d07a800 JavaThread "RMI Scheduler(0)" daemon [_thread_blocked, id=7688, stack(0x0000000030980000,0x0000000030a80000)]
  0x000000001d07b800 JavaThread "WorkerExecutor Queue Thread 3" [_thread_blocked, id=7116, stack(0x0000000030780000,0x0000000030880000)]
  0x000000001d079000 JavaThread "WorkerExecutor Queue Thread 2" [_thread_blocked, id=3432, stack(0x0000000030680000,0x0000000030780000)]
  0x000000001d080000 JavaThread "stdout" [_thread_in_native, id=8756, stack(0x0000000030580000,0x0000000030680000)]
  0x000000001d07a000 JavaThread "stderr" [_thread_in_native, id=4800, stack(0x0000000030480000,0x0000000030580000)]
  0x000000001d6e6800 JavaThread "pool-14-thread-1" [_thread_blocked, id=12652, stack(0x0000000030380000,0x0000000030480000)]
  0x000000001d6e5800 JavaThread "Cache worker for execution history cache (C:\Users\alexa\OneDrive\Documentos\DH\UdemyAulas\JamiltonProf\TestandoLoginGoogle\.gradle\6.1.1\executionHistory)" [_thread_blocked, id=7104, stack(0x0000000030180000,0x0000000030280000)]
  0x000000001d6e3000 JavaThread "Execution worker for ':' Thread 3" [_thread_in_native, id=6484, stack(0x0000000030080000,0x0000000030180000)]
  0x000000001d6e5000 JavaThread "Execution worker for ':' Thread 2" [_thread_in_Java, id=10532, stack(0x000000002ff80000,0x0000000030080000)]
  0x000000001d6e1000 JavaThread "Execution worker for ':'" [_thread_in_Java, id=13216, stack(0x000000002fe80000,0x000000002ff80000)]
  0x000000001d6e1800 JavaThread "Cache worker for file content cache (C:\Users\alexa\OneDrive\Documentos\DH\UdemyAulas\JamiltonProf\TestandoLoginGoogle\.gradle\6.1.1\fileContent)" [_thread_blocked, id=12808, stack(0x000000002fd80000,0x000000002fe80000)]
  0x000000001d6e4000 JavaThread "Cache worker for Build Output Cleanup Cache (C:\Users\alexa\OneDrive\Documentos\DH\UdemyAulas\JamiltonProf\TestandoLoginGoogle\.gradle\buildOutputCleanup)" [_thread_blocked, id=13168, stack(0x000000002fc80000,0x000000002fd80000)]
  0x000000001d6d9800 JavaThread "Build operations Thread 4" [_thread_blocked, id=2704, stack(0x000000002fb80000,0x000000002fc80000)]
  0x000000001d6d8800 JavaThread "Build operations Thread 3" [_thread_blocked, id=12284, stack(0x000000002fa80000,0x000000002fb80000)]
  0x000000001d6dc800 JavaThread "Build operations Thread 2" [_thread_blocked, id=8968, stack(0x000000002f980000,0x000000002fa80000)]
  0x000000001d6da000 JavaThread "Build operations" [_thread_blocked, id=2336, stack(0x000000002f880000,0x000000002f980000)]
  0x000000001d6db000 JavaThread "Cache worker for cache directory md-rule (C:\Users\alexa\.gradle\caches\6.1.1\md-rule)" [_thread_blocked, id=8108, stack(0x000000002f780000,0x000000002f880000)]
  0x000000001d6d8000 JavaThread "Cache worker for cache directory md-supplier (C:\Users\alexa\.gradle\caches\6.1.1\md-supplier)" [_thread_blocked, id=9452, stack(0x000000002f680000,0x000000002f780000)]
  0x000000001d6de800 JavaThread "Cache worker for file hash cache (C:\Users\alexa\OneDrive\Documentos\DH\UdemyAulas\JamiltonProf\TestandoLoginGoogle\.gradle\6.1.1\fileHashes)" [_thread_blocked, id=13052, stack(0x000000002f580000,0x000000002f680000)]
  0x000000001d6de000 JavaThread "Cache worker for checksums cache (C:\Users\alexa\OneDrive\Documentos\DH\UdemyAulas\JamiltonProf\TestandoLoginGoogle\.gradle\checksums)" [_thread_blocked, id=10644, stack(0x000000002f480000,0x000000002f580000)]
  0x000000001a8eb000 JavaThread "Thread-127" [_thread_blocked, id=7024, stack(0x000000002f380000,0x000000002f480000)]
  0x000000001a8ed000 JavaThread "Asynchronous log dispatcher for DefaultDaemonConnection: socket connection from /127.0.0.1:50280 to /127.0.0.1:52255" [_thread_blocked, id=8400, stack(0x000000002f180000,0x000000002f280000)]
  0x000000001a8e8000 JavaThread "Cancel handler" [_thread_blocked, id=11340, stack(0x000000002f080000,0x000000002f180000)]
  0x000000001a8ea000 JavaThread "Handler for socket connection from /127.0.0.1:50280 to /127.0.0.1:52255" [_thread_in_native, id=6924, stack(0x000000002ef80000,0x000000002f080000)]
  0x000000001d083000 JavaThread "MarlinRenderer Disposer" daemon [_thread_blocked, id=9732, stack(0x000000002e380000,0x000000002e480000)]
  0x000000001d083800 JavaThread "Java2D Disposer" daemon [_thread_blocked, id=8388, stack(0x000000002e180000,0x000000002e280000)]
  0x000000001d6e0000 JavaThread "Daemon worker Thread 6" [_thread_in_native, id=13112, stack(0x000000002cb80000,0x000000002cc80000)]
  0x000000001d6df800 JavaThread "Daemon Thread 6" [_thread_blocked, id=1944, stack(0x000000002c880000,0x000000002c980000)]
  0x000000001939c800 JavaThread "Cache worker for file content cache (C:\Users\alexa\.gradle\caches\6.1.1\fileContent)" [_thread_blocked, id=7372, stack(0x000000002b780000,0x000000002b880000)]
  0x000000001939c000 JavaThread "Memory manager" [_thread_blocked, id=1764, stack(0x000000002b680000,0x000000002b780000)]
  0x000000001a8e6800 JavaThread "Cache worker for execution history cache (C:\Users\alexa\.gradle\caches\6.1.1\executionHistory)" [_thread_blocked, id=6152, stack(0x000000001fc90000,0x000000001fd90000)]
  0x000000001a8e7000 JavaThread "Cache worker for file hash cache (C:\Users\alexa\.gradle\caches\6.1.1\fileHashes)" [_thread_blocked, id=11080, stack(0x000000001cc80000,0x000000001cd80000)]
  0x000000001a8eb800 JavaThread "File lock request listener" [_thread_in_native, id=6480, stack(0x000000001cb80000,0x000000001cc80000)]
  0x000000001a379000 JavaThread "Cache worker for journal cache (C:\Users\alexa\.gradle\caches\journal-1)" [_thread_blocked, id=11072, stack(0x000000001ca80000,0x000000001cb80000)]
  0x000000001a822800 JavaThread "Daemon periodic checks" [_thread_blocked, id=6664, stack(0x000000001be80000,0x000000001bf80000)]
  0x000000001a7d4000 JavaThread "Incoming local TCP Connector on port 50280" [_thread_in_native, id=11424, stack(0x000000001bc20000,0x000000001bd20000)]
  0x000000001900e000 JavaThread "Daemon health stats" [_thread_blocked, id=10648, stack(0x000000001b5e0000,0x000000001b6e0000)]
  0x0000000016f3e800 JavaThread "Service Thread" daemon [_thread_blocked, id=10404, stack(0x0000000018c40000,0x0000000018d40000)]
  0x0000000016efc800 JavaThread "C1 CompilerThread2" daemon [_thread_blocked, id=6884, stack(0x0000000018740000,0x0000000018840000)]
=>0x0000000016eed000 JavaThread "C2 CompilerThread1" daemon [_thread_in_native, id=12988, stack(0x0000000018640000,0x0000000018740000)]
  0x0000000016ee3800 JavaThread "C2 CompilerThread0" daemon [_thread_in_native, id=6712, stack(0x0000000018540000,0x0000000018640000)]
  0x0000000016ee9800 JavaThread "Attach Listener" daemon [_thread_blocked, id=9668, stack(0x0000000018440000,0x0000000018540000)]
  0x0000000016ee8000 JavaThread "Signal Dispatcher" daemon [_thread_blocked, id=7980, stack(0x0000000018340000,0x0000000018440000)]
  0x0000000016eca000 JavaThread "Finalizer" daemon [_thread_blocked, id=11784, stack(0x0000000018130000,0x0000000018230000)]
  0x0000000016ec9000 JavaThread "Reference Handler" daemon [_thread_blocked, id=11876, stack(0x0000000018030000,0x0000000018130000)]
  0x00000000021be000 JavaThread "main" [_thread_blocked, id=10468, stack(0x0000000002030000,0x0000000002130000)]

Other Threads:
  0x0000000016ea6800 VMThread [stack: 0x0000000017f30000,0x0000000018030000] [id=12540]
  0x000000001886d800 WatcherThread [stack: 0x0000000018d40000,0x0000000018e40000] [id=6104]

VM state:not at safepoint (normal execution)

VM Mutex/Monitor currently owned by a thread: None

heap address: 0x0000000080000000, size: 2048 MB, Compressed Oops mode: 32-bit
Narrow klass base: 0x0000000000000000, Narrow klass shift: 3
Compressed class space size: 1073741824 Address: 0x0000000100000000

Heap:
 PSYoungGen      total 290816K, used 168967K [0x00000000d5580000, 0x00000000eae80000, 0x0000000100000000)
  eden space 242688K, 68% used [0x00000000d5580000,0x00000000df88f148,0x00000000e4280000)
  from space 48128K, 4% used [0x00000000e4280000,0x00000000e4472bd0,0x00000000e7180000)
  to   space 45056K, 0% used [0x00000000e7180000,0x00000000e7180000,0x00000000e9d80000)
 ParOldGen       total 202752K, used 168623K [0x0000000080000000, 0x000000008c600000, 0x00000000d5580000)
  object space 202752K, 83% used [0x0000000080000000,0x000000008a4abc08,0x000000008c600000)
 Metaspace       used 112284K, capacity 118232K, committed 118568K, reserved 1153024K
  class space    used 14470K, capacity 15547K, committed 15672K, reserved 1048576K

Card table byte_map: [0x0000000011680000,0x0000000011a90000] byte_map_base: 0x0000000011280000

Marking Bits: (ParMarkBitMap*) 0x000000006b06f030
 Begin Bits: [0x0000000012140000, 0x0000000014140000)
 End Bits:   [0x0000000014140000, 0x0000000016140000)

Polling page: 0x0000000000690000

CodeCache: size=245760Kb used=66976Kb max_used=66976Kb free=178783Kb
 bounds [0x00000000022c0000, 0x0000000006480000, 0x00000000112c0000]
 total_blobs=20269 nmethods=19225 adapters=954
 compilation: enabled

Compilation events (10 events):
Event: 5585.188 Thread 0x0000000016efc800 24041       2       com.android.tools.r8.code.K3::a (1 bytes)
Event: 5585.188 Thread 0x0000000016efc800 nmethod 24041 0x000000000647dbd0 code [0x000000000647dd20, 0x000000000647de70]
Event: 5585.198 Thread 0x0000000016efc800 24042       2       com.android.tools.r8.code.c3::a (1 bytes)
Event: 5585.198 Thread 0x0000000016efc800 nmethod 24042 0x000000000647df10 code [0x000000000647e060, 0x000000000647e1b0]
Event: 5585.198 Thread 0x0000000016efc800 24043       2       com.android.tools.r8.code.q::a (1 bytes)
Event: 5585.199 Thread 0x0000000016efc800 nmethod 24043 0x000000000647e250 code [0x000000000647e3a0, 0x000000000647e4f0]
Event: 5585.211 Thread 0x0000000016efc800 24044       2       com.android.tools.r8.code.m::a (1 bytes)
Event: 5585.211 Thread 0x0000000016efc800 nmethod 24044 0x000000000647e590 code [0x000000000647e6e0, 0x000000000647e830]
Event: 5585.215 Thread 0x0000000016efc800 24045       1       com.android.tools.r8.code.O3::a (1 bytes)
Event: 5585.215 Thread 0x0000000016efc800 nmethod 24045 0x000000000647e8d0 code [0x000000000647ea20, 0x000000000647eb30]

GC Heap History (10 events):
Event: 5581.691 GC heap before
{Heap before GC invocations=37 (full 4):
 PSYoungGen      total 287744K, used 245536K [0x00000000d5580000, 0x00000000eae80000, 0x0000000100000000)
  eden space 242688K, 100% used [0x00000000d5580000,0x00000000e4280000,0x00000000e4280000)
  from space 45056K, 6% used [0x00000000e7180000,0x00000000e7448000,0x00000000e9d80000)
  to   space 48128K, 0% used [0x00000000e4280000,0x00000000e4280000,0x00000000e7180000)
 ParOldGen       total 202752K, used 152460K [0x0000000080000000, 0x000000008c600000, 0x00000000d5580000)
  object space 202752K, 75% used [0x0000000080000000,0x00000000894e3180,0x000000008c600000)
 Metaspace       used 112231K, capacity 118086K, committed 118312K, reserved 1153024K
  class space    used 14470K, capacity 15546K, committed 15672K, reserved 1048576K
Event: 5581.709 GC heap after
Heap after GC invocations=37 (full 4):
 PSYoungGen      total 290816K, used 8093K [0x00000000d5580000, 0x00000000eae80000, 0x0000000100000000)
  eden space 242688K, 0% used [0x00000000d5580000,0x00000000d5580000,0x00000000e4280000)
  from space 48128K, 16% used [0x00000000e4280000,0x00000000e4a67718,0x00000000e7180000)
  to   space 45056K, 0% used [0x00000000e7180000,0x00000000e7180000,0x00000000e9d80000)
 ParOldGen       total 202752K, used 155072K [0x0000000080000000, 0x000000008c600000, 0x00000000d5580000)
  object space 202752K, 76% used [0x0000000080000000,0x00000000897701a0,0x000000008c600000)
 Metaspace       used 112231K, capacity 118086K, committed 118312K, reserved 1153024K
  class space    used 14470K, capacity 15546K, committed 15672K, reserved 1048576K
}
Event: 5582.439 GC heap before
{Heap before GC invocations=38 (full 4):
 PSYoungGen      total 290816K, used 250781K [0x00000000d5580000, 0x00000000eae80000, 0x0000000100000000)
  eden space 242688K, 100% used [0x00000000d5580000,0x00000000e4280000,0x00000000e4280000)
  from space 48128K, 16% used [0x00000000e4280000,0x00000000e4a67718,0x00000000e7180000)
  to   space 45056K, 0% used [0x00000000e7180000,0x00000000e7180000,0x00000000e9d80000)
 ParOldGen       total 202752K, used 155072K [0x0000000080000000, 0x000000008c600000, 0x00000000d5580000)
  object space 202752K, 76% used [0x0000000080000000,0x00000000897701a0,0x000000008c600000)
 Metaspace       used 112250K, capacity 118092K, committed 118312K, reserved 1153024K
  class space    used 14470K, capacity 15547K, committed 15672K, reserved 1048576K
Event: 5582.461 GC heap after
Heap after GC invocations=38 (full 4):
 PSYoungGen      total 287744K, used 7437K [0x00000000d5580000, 0x00000000eae80000, 0x0000000100000000)
  eden space 242688K, 0% used [0x00000000d5580000,0x00000000d5580000,0x00000000e4280000)
  from space 45056K, 16% used [0x00000000e7180000,0x00000000e78c37e8,0x00000000e9d80000)
  to   space 48128K, 0% used [0x00000000e4280000,0x00000000e4280000,0x00000000e7180000)
 ParOldGen       total 202752K, used 159673K [0x0000000080000000, 0x000000008c600000, 0x00000000d5580000)
  object space 202752K, 78% used [0x0000000080000000,0x0000000089bee628,0x000000008c600000)
 Metaspace       used 112250K, capacity 118092K, committed 118312K, reserved 1153024K
  class space    used 14470K, capacity 15547K, committed 15672K, reserved 1048576K
}
Event: 5583.181 GC heap before
{Heap before GC invocations=39 (full 4):
 PSYoungGen      total 287744K, used 250125K [0x00000000d5580000, 0x00000000eae80000, 0x0000000100000000)
  eden space 242688K, 100% used [0x00000000d5580000,0x00000000e4280000,0x00000000e4280000)
  from space 45056K, 16% used [0x00000000e7180000,0x00000000e78c37e8,0x00000000e9d80000)
  to   space 48128K, 0% used [0x00000000e4280000,0x00000000e4280000,0x00000000e7180000)
 ParOldGen       total 202752K, used 159673K [0x0000000080000000, 0x000000008c600000, 0x00000000d5580000)
  object space 202752K, 78% used [0x0000000080000000,0x0000000089bee628,0x000000008c600000)
 Metaspace       used 112256K, capacity 118092K, committed 118312K, reserved 1153024K
  class space    used 14470K, capacity 15547K, committed 15672K, reserved 1048576K
Event: 5583.195 GC heap after
Heap after GC invocations=39 (full 4):
 PSYoungGen      total 290816K, used 1504K [0x00000000d5580000, 0x00000000eae80000, 0x0000000100000000)
  eden space 242688K, 0% used [0x00000000d5580000,0x00000000d5580000,0x00000000e4280000)
  from space 48128K, 3% used [0x00000000e4280000,0x00000000e43f8000,0x00000000e7180000)
  to   space 45056K, 0% used [0x00000000e7180000,0x00000000e7180000,0x00000000e9d80000)
 ParOldGen       total 202752K, used 165874K [0x0000000080000000, 0x000000008c600000, 0x00000000d5580000)
  object space 202752K, 81% used [0x0000000080000000,0x000000008a1fc918,0x000000008c600000)
 Metaspace       used 112256K, capacity 118092K, committed 118312K, reserved 1153024K
  class space    used 14470K, capacity 15547K, committed 15672K, reserved 1048576K
}
Event: 5583.890 GC heap before
{Heap before GC invocations=40 (full 4):
 PSYoungGen      total 290816K, used 244192K [0x00000000d5580000, 0x00000000eae80000, 0x0000000100000000)
  eden space 242688K, 100% used [0x00000000d5580000,0x00000000e4280000,0x00000000e4280000)
  from space 48128K, 3% used [0x00000000e4280000,0x00000000e43f8000,0x00000000e7180000)
  to   space 45056K, 0% used [0x00000000e7180000,0x00000000e7180000,0x00000000e9d80000)
 ParOldGen       total 202752K, used 165874K [0x0000000080000000, 0x000000008c600000, 0x00000000d5580000)
  object space 202752K, 81% used [0x0000000080000000,0x000000008a1fc918,0x000000008c600000)
 Metaspace       used 112264K, capacity 118156K, committed 118568K, reserved 1153024K
  class space    used 14470K, capacity 15547K, committed 15672K, reserved 1048576K
Event: 5583.897 GC heap after
Heap after GC invocations=40 (full 4):
 PSYoungGen      total 287744K, used 1621K [0x00000000d5580000, 0x00000000eae80000, 0x0000000100000000)
  eden space 242688K, 0% used [0x00000000d5580000,0x00000000d5580000,0x00000000e4280000)
  from space 45056K, 3% used [0x00000000e7180000,0x00000000e73154b0,0x00000000e9d80000)
  to   space 48128K, 0% used [0x00000000e4280000,0x00000000e4280000,0x00000000e7180000)
 ParOldGen       total 202752K, used 166628K [0x0000000080000000, 0x000000008c600000, 0x00000000d5580000)
  object space 202752K, 82% used [0x0000000080000000,0x000000008a2b9150,0x000000008c600000)
 Metaspace       used 112264K, capacity 118156K, committed 118568K, reserved 1153024K
  class space    used 14470K, capacity 15547K, committed 15672K, reserved 1048576K
}
Event: 5584.789 GC heap before
{Heap before GC invocations=41 (full 4):
 PSYoungGen      total 287744K, used 244309K [0x00000000d5580000, 0x00000000eae80000, 0x0000000100000000)
  eden space 242688K, 100% used [0x00000000d5580000,0x00000000e4280000,0x00000000e4280000)
  from space 45056K, 3% used [0x00000000e7180000,0x00000000e73154b0,0x00000000e9d80000)
  to   space 48128K, 0% used [0x00000000e4280000,0x00000000e4280000,0x00000000e7180000)
 ParOldGen       total 202752K, used 167731K [0x0000000080000000, 0x000000008c600000, 0x00000000d5580000)
  object space 202752K, 82% used [0x0000000080000000,0x000000008a3cced8,0x000000008c600000)
 Metaspace       used 112277K, capacity 118228K, committed 118568K, reserved 1153024K
  class space    used 14470K, capacity 15547K, committed 15672K, reserved 1048576K
Event: 5584.799 GC heap after
Heap after GC invocations=41 (full 4):
 PSYoungGen      total 290816K, used 1994K [0x00000000d5580000, 0x00000000eae80000, 0x0000000100000000)
  eden space 242688K, 0% used [0x00000000d5580000,0x00000000d5580000,0x00000000e4280000)
  from space 48128K, 4% used [0x00000000e4280000,0x00000000e4472bd0,0x00000000e7180000)
  to   space 45056K, 0% used [0x00000000e7180000,0x00000000e7180000,0x00000000e9d80000)
 ParOldGen       total 202752K, used 168623K [0x0000000080000000, 0x000000008c600000, 0x00000000d5580000)
  object space 202752K, 83% used [0x0000000080000000,0x000000008a4abc08,0x000000008c600000)
 Metaspace       used 112277K, capacity 118228K, committed 118568K, reserved 1153024K
  class space    used 14470K, capacity 15547K, committed 15672K, reserved 1048576K
}

Deoptimization events (10 events):
Event: 5579.738 Thread 0x000000001d6e1000 Uncommon trap: reason=uninitialized action=reinterpret pc=0x00000000058b35d4 method=com.android.tools.r8.graph.h0.a(Lcom/android/tools/r8/graph/f0;)Lcom/android/tools/r8/graph/h0; @ 135
Event: 5579.763 Thread 0x000000001d6e1000 Uncommon trap: reason=unstable_if action=reinterpret pc=0x00000000058cf760 method=com.android.tools.r8.dex.m.c(I)V @ 8
Event: 5580.356 Thread 0x000000001d6e1000 Uncommon trap: reason=class_check action=maybe_recompile pc=0x000000000566974c method=com.android.tools.r8.v.a.a.a.f.e.putAll(Ljava/util/Map;)V @ 3
Event: 5581.421 Thread 0x000000001d6e3000 Uncommon trap: reason=unstable_if action=reinterpret pc=0x00000000024b621c method=java.util.HashMap.getNode(ILjava/lang/Object;)Ljava/util/HashMap$Node; @ 84
Event: 5581.421 Thread 0x000000001d6e3000 Uncommon trap: reason=unstable_if action=reinterpret pc=0x0000000003afdf80 method=java.util.HashMap$TreeNode.find(ILjava/lang/Object;Ljava/lang/Class;)Ljava/util/HashMap$TreeNode; @ 58
Event: 5581.461 Thread 0x000000001d6e3000 Uncommon trap: reason=unstable_if action=reinterpret pc=0x0000000005846384 method=java.util.concurrent.ConcurrentHashMap$Traverser.advance()Ljava/util/concurrent/ConcurrentHashMap$Node; @ 84
Event: 5581.462 Thread 0x000000001d6e3000 Uncommon trap: reason=unstable_if action=reinterpret pc=0x000000000574e634 method=java.util.concurrent.ConcurrentHashMap$Traverser.advance()Ljava/util/concurrent/ConcurrentHashMap$Node; @ 84
Event: 5581.897 Thread 0x000000001d6e0000 Uncommon trap: reason=unstable_if action=reinterpret pc=0x00000000053bbd94 method=com.android.tools.r8.graph.w.equals(Ljava/lang/Object;)Z @ 30
Event: 5583.035 Thread 0x000000001d6e0000 Uncommon trap: reason=class_check action=maybe_recompile pc=0x00000000051298a0 method=com.android.tools.r8.u.a.i.e.b(Lcom/android/tools/r8/u/b/h0;)V @ 379
Event: 5583.224 Thread 0x000000001d6e3000 Uncommon trap: reason=null_check action=make_not_entrant pc=0x000000000639ef20 method=com.android.tools.r8.s.a.a.b.j.b(Ljava/lang/Object;I)I @ 35

Classes redefined (0 events):
No events

Internal exceptions (10 events):
Event: 5584.012 Thread 0x000000001d6e0000 Exception <a 'sun/nio/fs/WindowsException'> (0x00000000d577dfe8) thrown at [C:\src\AOSP-openjdk-git\hotspot\src\share\vm\prims\jni.cpp, line 710]
Event: 5584.063 Thread 0x000000001d6e3000 Exception <a 'sun/nio/fs/WindowsException'> (0x00000000d8653b10) thrown at [C:\src\AOSP-openjdk-git\hotspot\src\share\vm\prims\jni.cpp, line 710]
Event: 5584.116 Thread 0x000000001d6e1000 Exception <a 'sun/nio/fs/WindowsException'> (0x00000000d81f99a8) thrown at [C:\src\AOSP-openjdk-git\hotspot\src\share\vm\prims\jni.cpp, line 710]
Event: 5584.376 Thread 0x000000001d6e1000 Exception <a 'sun/nio/fs/WindowsException'> (0x00000000df99c070) thrown at [C:\src\AOSP-openjdk-git\hotspot\src\share\vm\prims\jni.cpp, line 710]
Event: 5584.389 Thread 0x000000001d6e3000 Exception <a 'sun/nio/fs/WindowsException'> (0x00000000dff60428) thrown at [C:\src\AOSP-openjdk-git\hotspot\src\share\vm\prims\jni.cpp, line 710]
Event: 5584.496 Thread 0x000000001d6e0000 Exception <a 'sun/nio/fs/WindowsException'> (0x00000000e20b3550) thrown at [C:\src\AOSP-openjdk-git\hotspot\src\share\vm\prims\jni.cpp, line 710]
Event: 5584.750 Thread 0x000000001d6e3000 Exception <a 'sun/nio/fs/WindowsException'> (0x00000000e403d6f8) thrown at [C:\src\AOSP-openjdk-git\hotspot\src\share\vm\prims\jni.cpp, line 710]
Event: 5584.754 Thread 0x000000001d6e0000 Exception <a 'sun/nio/fs/WindowsException'> (0x00000000e417b1b8) thrown at [C:\src\AOSP-openjdk-git\hotspot\src\share\vm\prims\jni.cpp, line 710]
Event: 5584.848 Thread 0x000000001d6e1000 Exception <a 'sun/nio/fs/WindowsException'> (0x00000000d6ab3490) thrown at [C:\src\AOSP-openjdk-git\hotspot\src\share\vm\prims\jni.cpp, line 710]
Event: 5585.076 Thread 0x000000001d6e0000 Exception <a 'sun/nio/fs/WindowsException'> (0x00000000dc141040) thrown at [C:\src\AOSP-openjdk-git\hotspot\src\share\vm\prims\jni.cpp, line 710]

Events (10 events):
Event: 5585.100 Thread 0x000000001d6e5000 DEOPT PACKING pc=0x0000000005a6f461 sp=0x000000003007a240
Event: 5585.100 Thread 0x000000001d6e5000 DEOPT UNPACKING pc=0x00000000023075d0 sp=0x000000003007a2f8 mode 0
Event: 5585.111 Thread 0x000000001d6e1000 DEOPT PACKING pc=0x000000000582451b sp=0x000000002ff7a420
Event: 5585.111 Thread 0x000000001d6e1000 DEOPT UNPACKING pc=0x00000000023075d0 sp=0x000000002ff7a340 mode 0
Event: 5585.132 Thread 0x000000001d6e5000 DEOPT PACKING pc=0x0000000005a6f4cc sp=0x000000003007a240
Event: 5585.132 Thread 0x000000001d6e5000 DEOPT UNPACKING pc=0x00000000023075d0 sp=0x000000003007a300 mode 0
Event: 5585.172 Thread 0x000000001d6e1000 DEOPT PACKING pc=0x0000000005824573 sp=0x000000002ff7a420
Event: 5585.172 Thread 0x000000001d6e1000 DEOPT UNPACKING pc=0x00000000023075d0 sp=0x000000002ff7a348 mode 0
Event: 5585.172 Thread 0x000000001d6e1000 DEOPT PACKING pc=0x0000000005a6f4cc sp=0x000000002ff7a1a0
Event: 5585.172 Thread 0x000000001d6e1000 DEOPT UNPACKING pc=0x00000000023075d0 sp=0x000000002ff7a278 mode 0


Dynamic libraries:
0x00007ff7d4860000 - 0x00007ff7d4891000 	C:\Program Files\Android\Android Studio\jre\bin\java.exe
0x00007fff861d0000 - 0x00007fff863bd000 	C:\WINDOWS\SYSTEM32\ntdll.dll
0x00007fff54c80000 - 0x00007fff54c93000 	C:\Program Files\AVAST Software\Avast\aswhook.dll
0x00007fff83f20000 - 0x00007fff83fd3000 	C:\WINDOWS\System32\KERNEL32.DLL
0x00007fff83150000 - 0x00007fff833e5000 	C:\WINDOWS\System32\KERNELBASE.dll
0x00007fff855e0000 - 0x00007fff85683000 	C:\WINDOWS\System32\ADVAPI32.dll
0x00007fff859c0000 - 0x00007fff85a5e000 	C:\WINDOWS\System32\msvcrt.dll
0x00007fff837b0000 - 0x00007fff8384e000 	C:\WINDOWS\System32\sechost.dll
0x00007fff83d70000 - 0x00007fff83e92000 	C:\WINDOWS\System32\RPCRT4.dll
0x00007fff85690000 - 0x00007fff85827000 	C:\WINDOWS\System32\USER32.dll
0x00007fff82a30000 - 0x00007fff82a50000 	C:\WINDOWS\System32\win32u.dll
0x00007fff85a60000 - 0x00007fff85a89000 	C:\WINDOWS\System32\GDI32.dll
0x00007fff82a50000 - 0x00007fff82bea000 	C:\WINDOWS\System32\gdi32full.dll
0x00007fff82bf0000 - 0x00007fff82c90000 	C:\WINDOWS\System32\msvcp_win.dll
0x00007fff82c90000 - 0x00007fff82d8a000 	C:\WINDOWS\System32\ucrtbase.dll
0x00007fff77d00000 - 0x00007fff77f79000 	C:\WINDOWS\WinSxS\amd64_microsoft.windows.common-controls_6595b64144ccf1df_6.0.17763.1282_none_de75b6f253473c0f\COMCTL32.dll
0x00007fff85e70000 - 0x00007fff8619c000 	C:\WINDOWS\System32\combase.dll
0x00007fff82df0000 - 0x00007fff82e6e000 	C:\WINDOWS\System32\bcryptPrimitives.dll
0x00007fff840b0000 - 0x00007fff840de000 	C:\WINDOWS\System32\IMM32.DLL
0x000000006a6e0000 - 0x000000006a7b2000 	C:\Program Files\Android\Android Studio\jre\jre\bin\msvcr100.dll
0x000000006a8a0000 - 0x000000006b0eb000 	C:\Program Files\Android\Android Studio\jre\jre\bin\server\jvm.dll
0x00007fff83d60000 - 0x00007fff83d68000 	C:\WINDOWS\System32\PSAPI.DLL
0x00007fff6f570000 - 0x00007fff6f579000 	C:\WINDOWS\SYSTEM32\WSOCK32.dll
0x00007fff84040000 - 0x00007fff840ad000 	C:\WINDOWS\System32\WS2_32.dll
0x00007fff7ecd0000 - 0x00007fff7ecf4000 	C:\WINDOWS\SYSTEM32\WINMM.dll
0x00007fff7ae20000 - 0x00007fff7ae2a000 	C:\WINDOWS\SYSTEM32\VERSION.dll
0x00007fff7eca0000 - 0x00007fff7eccd000 	C:\WINDOWS\SYSTEM32\WINMMBASE.dll
0x00007fff82290000 - 0x00007fff822da000 	C:\WINDOWS\System32\cfgmgr32.dll
0x00007fff669a0000 - 0x00007fff669af000 	C:\Program Files\Android\Android Studio\jre\jre\bin\verify.dll
0x00007fff66970000 - 0x00007fff66999000 	C:\Program Files\Android\Android Studio\jre\jre\bin\java.dll
0x00007fff66820000 - 0x00007fff66836000 	C:\Program Files\Android\Android Studio\jre\jre\bin\zip.dll
0x00007fff840e0000 - 0x00007fff855d8000 	C:\WINDOWS\System32\SHELL32.dll
0x00007fff85a90000 - 0x00007fff85b38000 	C:\WINDOWS\System32\shcore.dll
0x00007fff822e0000 - 0x00007fff82a2f000 	C:\WINDOWS\System32\windows.storage.dll
0x00007fff82260000 - 0x00007fff82284000 	C:\WINDOWS\System32\profapi.dll
0x00007fff821e0000 - 0x00007fff8223d000 	C:\WINDOWS\System32\powrprof.dll
0x00007fff83fe0000 - 0x00007fff84032000 	C:\WINDOWS\System32\shlwapi.dll
0x00007fff821c0000 - 0x00007fff821d1000 	C:\WINDOWS\System32\kernel.appcore.dll
0x00007fff82ea0000 - 0x00007fff82eb7000 	C:\WINDOWS\System32\cryptsp.dll
0x00007fff57920000 - 0x00007fff5793a000 	C:\Program Files\Android\Android Studio\jre\jre\bin\net.dll
0x00007fff81a20000 - 0x00007fff81a87000 	C:\WINDOWS\system32\mswsock.dll
0x00007fff57900000 - 0x00007fff57913000 	C:\Program Files\Android\Android Studio\jre\jre\bin\nio.dll
0x00007fff65410000 - 0x00007fff65436000 	C:\Users\alexa\.gradle\native\31\windows-amd64\native-platform.dll
0x00007fff65860000 - 0x00007fff6586d000 	C:\Program Files\Android\Android Studio\jre\jre\bin\management.dll
0x00007fff815a0000 - 0x00007fff815d3000 	C:\WINDOWS\system32\rsaenh.dll
0x00007fff82e70000 - 0x00007fff82e96000 	C:\WINDOWS\System32\bcrypt.dll
0x00007fff820b0000 - 0x00007fff820d8000 	C:\WINDOWS\SYSTEM32\USERENV.dll
0x00007fff81bf0000 - 0x00007fff81bfc000 	C:\WINDOWS\SYSTEM32\CRYPTBASE.dll
0x00007fff81740000 - 0x00007fff8177d000 	C:\WINDOWS\SYSTEM32\IPHLPAPI.DLL
0x00007fff85830000 - 0x00007fff85838000 	C:\WINDOWS\System32\NSI.dll
0x00007fff75d10000 - 0x00007fff75d26000 	C:\WINDOWS\SYSTEM32\dhcpcsvc6.DLL
0x00007fff75e20000 - 0x00007fff75e3c000 	C:\WINDOWS\SYSTEM32\dhcpcsvc.DLL
0x00007fff81790000 - 0x00007fff81857000 	C:\WINDOWS\SYSTEM32\DNSAPI.dll
0x00007fff81220000 - 0x00007fff81251000 	C:\WINDOWS\SYSTEM32\ntmarta.dll
0x00007fff80400000 - 0x00007fff8048c000 	C:\WINDOWS\system32\apphelp.dll
0x00007fff36fa0000 - 0x00007fff3713c000 	C:\Program Files\Android\Android Studio\jre\jre\bin\awt.dll
0x00007fff85840000 - 0x00007fff85904000 	C:\WINDOWS\System32\OLEAUT32.dll
0x00007fff80830000 - 0x00007fff8085e000 	C:\WINDOWS\SYSTEM32\dwmapi.dll
0x00007fff82ec0000 - 0x00007fff8309c000 	C:\WINDOWS\System32\CRYPT32.dll
0x00007fff82240000 - 0x00007fff82252000 	C:\WINDOWS\System32\MSASN1.dll
0x00007fff7f7f0000 - 0x00007fff7fdae000 	C:\WINDOWS\SYSTEM32\d2d1.dll
0x00007fff80530000 - 0x00007fff805cc000 	C:\WINDOWS\system32\uxtheme.dll
0x00007fff770a0000 - 0x00007fff770be000 	C:\Users\alexa\AppData\Local\Temp\native-platform1193927379372477018dir\native-platform.dll

VM Arguments:
jvm_args: -Xmx2048m -Dfile.encoding=windows-1252 -Duser.country=BR -Duser.language=pt -Duser.variant 
java_command: org.gradle.launcher.daemon.bootstrap.GradleDaemon 6.1.1
java_class_path (initial): C:\Users\alexa\.gradle\wrapper\dists\gradle-6.1.1-all\cfmwm155h49vnt3hynmlrsdst\gradle-6.1.1\lib\gradle-launcher-6.1.1.jar
Launcher Type: SUN_STANDARD

Environment Variables:
JAVA_HOME=C:\Program Files\Java\jdk-14
PATH=C:\Program Files (x86)\Common Files\Oracle\Java\javapath;C:\Program Files (x86)\Intel\iCLS Client\;C:\Program Files\Intel\iCLS Client\;C:\Windows\system32;C:\Windows;C:\Windows\System32\Wbem;C:\Windows\System32\WindowsPowerShell\v1.0\;C:\Program Files (x86)\Intel\Intel(R) Management Engine Components\DAL;C:\Program Files\Intel\Intel(R) Management Engine Components\DAL;C:\Program Files (x86)\Intel\Intel(R) Management Engine Components\IPT;C:\Program Files\Intel\Intel(R) Management Engine Components\IPT;C:\Program Files (x86)\NVIDIA Corporation\PhysX\Common;C:\WINDOWS\system32;C:\WINDOWS;C:\WINDOWS\System32\Wbem;C:\WINDOWS\System32\WindowsPowerShell\v1.0\;C:\WINDOWS\System32\OpenSSH\;C:\Program Files\Git\cmd;C:\MinGW\bin;C:\Program Files\Java\jdk-14\bin;C:\Users\alexa\AppData\Local\Microsoft\WindowsApps;
USERNAME=Alexandre
OS=Windows_NT
PROCESSOR_IDENTIFIER=Intel64 Family 6 Model 142 Stepping 9, GenuineIntel



---------------  S Y S T E M  ---------------

OS: Windows 10.0 , 64 bit Build 17763 (10.0.17763.1158)

CPU:total 4 (initial active 4) (2 cores per cpu, 2 threads per core) family 6 model 142 stepping 9, cmov, cx8, fxsr, mmx, sse, sse2, sse3, ssse3, sse4.1, sse4.2, popcnt, avx, avx2, aes, clmul, erms, 3dnowpref, lzcnt, ht, tsc, tscinvbit, bmi1, bmi2, adx

Memory: 4k page, physical 6442596k(282248k free), swap 8539748k(6400k free)

vm_info: OpenJDK 64-Bit Server VM (25.242-b01) for windows-amd64 JRE (1.8.0_242-release-1644-b01), built by "builder" with MS VC++ 10.0 (VS2010)

time: Wed Jun 17 21:05:55 2020
timezone: Hora oficial do Brasil
elapsed time: 5585 seconds (0d 1h 33m 5s)

